INFO: [VRFC 10-2263] Analyzing SystemVerilog file "C:/Users/kuruc/CPU_Design/Multicycle_CPU/Multicycle_Processor.srcs/sim_1/new/ALU.sv" into library xil_defaultlib
INFO: [VRFC 10-311] analyzing module ALU
INFO: [VRFC 10-2263] Analyzing SystemVerilog file "C:/Users/kuruc/CPU_Design/Multicycle_CPU/Multicycle_Processor.srcs/sim_1/new/ControlUnit.sv" into library xil_defaultlib
INFO: [VRFC 10-311] analyzing module ControlUnit
INFO: [VRFC 10-2263] Analyzing SystemVerilog file "C:/Users/kuruc/CPU_Design/Multicycle_CPU/Multicycle_Processor.srcs/sources_1/new/Extend.sv" into library xil_defaultlib
INFO: [VRFC 10-311] analyzing module Extend
INFO: [VRFC 10-2263] Analyzing SystemVerilog file "C:/Users/kuruc/CPU_Design/Multicycle_CPU/Multicycle_Processor.srcs/sources_1/new/Main.sv" into library xil_defaultlib
INFO: [VRFC 10-311] analyzing module Main
INFO: [VRFC 10-2263] Analyzing SystemVerilog file "C:/Users/kuruc/CPU_Design/Multicycle_CPU/Multicycle_Processor.srcs/sim_1/new/MainComponents.sv" into library xil_defaultlib
INFO: [VRFC 10-311] analyzing module FlipFlop_32bit
INFO: [VRFC 10-311] analyzing module MainMemory
INFO: [VRFC 10-311] analyzing module RegisterFile
INFO: [VRFC 10-2263] Analyzing SystemVerilog file "C:/Users/kuruc/CPU_Design/Multicycle_CPU/Multicycle_Processor.srcs/sim_1/new/Multiplexers.sv" into library xil_defaultlib
INFO: [VRFC 10-311] analyzing module mux2_1
INFO: [VRFC 10-311] analyzing module mux4_1
INFO: [VRFC 10-311] analyzing module mux8_1
INFO: [VRFC 10-311] analyzing module mux2_1_32bit
INFO: [VRFC 10-311] analyzing module mux4_1_32bit
INFO: [VRFC 10-311] analyzing module mux8_1_32bit
INFO: [VRFC 10-311] analyzing module Multiplexers
INFO: [VRFC 10-2263] Analyzing SystemVerilog file "C:/Users/kuruc/CPU_Design/Multicycle_CPU/Multicycle_Processor.srcs/sim_1/new/Prefix_adder.sv" into library xil_defaultlib
INFO: [VRFC 10-311] analyzing module full_adder
INFO: [VRFC 10-311] analyzing module black_box
INFO: [VRFC 10-311] analyzing module prefix_adder
INFO: [VRFC 10-2263] Analyzing SystemVerilog file "C:/Users/kuruc/CPU_Design/Multicycle_CPU/Multicycle_Processor.srcs/sim_1/new/MulticycleCPU_tb.sv" into library xil_defaultlib
INFO: [VRFC 10-311] analyzing module MulticycleCPU_tb
